<?xml version="1.0" encoding="UTF-8"?>
<!-- Generated by org.testng.reporters.JUnitReportReporter -->
<testsuite hostname="DESKTOP-FJG5ERF" failures="0" tests="1" name="verificationUsingTestNG.AssertNullUse" time="0.019" errors="0" timestamp="2022-07-05T15:11:09 IST" skipped="0">
  <testcase classname="verificationUsingTestNG.AssertNullUse" name="myMethod" time="0.019"/>
  <system-out>
    <![CDATA[value is null TC is passed
value is null TC is passed]]>
  </system-out>
</testsuite> <!-- verificationUsingTestNG.AssertNullUse -->
