<?xml version="1.0" encoding="UTF-8"?>
<!-- Generated by org.testng.reporters.JUnitReportReporter -->
<testsuite hostname="DESKTOP-FJG5ERF" failures="0" tests="3" name="testNGKeyWords.InvocationCountUse" time="0.197" errors="0" timestamp="2022-06-23T17:24:46 IST" skipped="0">
  <testcase classname="testNGKeyWords.InvocationCountUse" name="mytest" time="0.184"/>
  <system-out>
    <![CDATA[hello]]>
  </system-out>
  <testcase classname="testNGKeyWords.InvocationCountUse" name="mytest" time="0.005"/>
  <system-out>
    <![CDATA[hello]]>
  </system-out>
  <testcase classname="testNGKeyWords.InvocationCountUse" name="mytest" time="0.008"/>
  <system-out>
    <![CDATA[hello]]>
  </system-out>
</testsuite> <!-- testNGKeyWords.InvocationCountUse -->
