<?xml version="1.0" encoding="UTF-8"?>
<!-- Generated by org.testng.reporters.JUnitReportReporter -->
<testsuite hostname="DESKTOP-FJG5ERF" failures="0" tests="2" name="testNGStudy.MyTestNGclass" time="18.146" errors="0" timestamp="2022-06-22T17:51:57 IST" skipped="0">
  <testcase classname="testNGStudy.MyTestNGclass" name="mymethod1" time="8.271"/>
  <system-out/>
  <testcase classname="testNGStudy.MyTestNGclass" name="mymethod" time="9.875"/>
  <system-out/>
</testsuite> <!-- testNGStudy.MyTestNGclass -->
