<?xml version="1.0" encoding="UTF-8"?>
<!-- Generated by org.testng.reporters.JUnitReportReporter -->
<testsuite hostname="DESKTOP-FJG5ERF" failures="0" tests="1" name="verificationUsingTestNG.VerifyRadioButton" time="24.079" errors="0" timestamp="2022-07-05T13:34:19 IST" skipped="0">
  <testcase classname="verificationUsingTestNG.VerifyRadioButton" name="myMethod" time="24.079"/>
  <system-out>
    <![CDATA[TC pass Radio Button is selected]]>
  </system-out>
</testsuite> <!-- verificationUsingTestNG.VerifyRadioButton -->
