<?xml version="1.0" encoding="UTF-8"?>
<!-- Generated by org.testng.reporters.JUnitReportReporter -->
<testsuite hostname="DESKTOP-FJG5ERF" failures="0" tests="2" name="testNGstudykit.MyTestClass" time="19.926" errors="0" timestamp="2022-07-04T14:43:09 IST" skipped="0">
  <testcase classname="testNGstudykit.MyTestClass" name="myMethod1" time="3.592"/>
  <system-out/>
  <testcase classname="testNGstudykit.MyTestClass" name="myMethod" time="16.334"/>
  <system-out/>
</testsuite> <!-- testNGstudykit.MyTestClass -->
