<?xml version="1.0" encoding="UTF-8"?>
<!-- Generated by org.testng.reporters.JUnitReportReporter -->
<testsuite hostname="DESKTOP-FJG5ERF" failures="0" tests="1" name="testNGKeyWords.MyTestClass1" time="0.019" errors="0" timestamp="2022-06-24T17:23:46 IST" skipped="0">
  <testcase classname="testNGKeyWords.MyTestClass1" name="c" time="0.019"/>
  <system-out>
    <![CDATA[c is running,sanity]]>
  </system-out>
</testsuite> <!-- testNGKeyWords.MyTestClass1 -->
