<?xml version="1.0" encoding="UTF-8"?>
<!-- Generated by org.testng.reporters.JUnitReportReporter -->
<testsuite hostname="DESKTOP-FJG5ERF" failures="0" tests="3" name="testNGKeyWords.PriorityUse" time="0.030" errors="0" timestamp="2022-06-23T17:37:35 IST" skipped="0">
  <testcase classname="testNGKeyWords.PriorityUse" name="d" time="0.026"/>
  <system-out>
    <![CDATA[d is running]]>
  </system-out>
  <testcase classname="testNGKeyWords.PriorityUse" name="v" time="0.002"/>
  <system-out>
    <![CDATA[v is running]]>
  </system-out>
  <testcase classname="testNGKeyWords.PriorityUse" name="a" time="0.002"/>
  <system-out>
    <![CDATA[a is running]]>
  </system-out>
</testsuite> <!-- testNGKeyWords.PriorityUse -->
