<?xml version="1.0" encoding="UTF-8"?>
<!-- Generated by org.testng.reporters.JUnitReportReporter -->
<testsuite hostname="DESKTOP-FJG5ERF" failures="0" tests="2" name="testNGKeyWords.MyTestClass2" time="0.008" errors="0" timestamp="2022-06-24T17:23:46 IST" skipped="0">
  <testcase classname="testNGKeyWords.MyTestClass2" name="q" time="0.003"/>
  <system-out>
    <![CDATA[q is running,sanity]]>
  </system-out>
  <testcase classname="testNGKeyWords.MyTestClass2" name="s" time="0.005"/>
  <system-out>
    <![CDATA[s is Running,sanity]]>
  </system-out>
</testsuite> <!-- testNGKeyWords.MyTestClass2 -->
