<?xml version="1.0" encoding="UTF-8"?>
<!-- Generated by org.testng.reporters.JUnitReportReporter -->
<testsuite hostname="DESKTOP-FJG5ERF" failures="0" tests="2" name="testNGstudykit.AnnoTationStudy" time="0.015" errors="0" timestamp="2022-07-04T15:13:50 IST" skipped="0">
  <testcase classname="testNGstudykit.AnnoTationStudy" name="validateUserID" time="0.004"/>
  <system-out>
    <![CDATA[user ID Validate]]>
  </system-out>
  <testcase classname="testNGstudykit.AnnoTationStudy" name="validateDashBoard" time="0.011"/>
  <system-out>
    <![CDATA[Dash Board Validate]]>
  </system-out>
</testsuite> <!-- testNGstudykit.AnnoTationStudy -->
