<?xml version="1.0" encoding="UTF-8"?>
<!-- Generated by org.testng.reporters.JUnitReportReporter -->
<testsuite hostname="DESKTOP-FJG5ERF" failures="0" tests="2" name="includeExclude.MyTestClass" time="0.004" errors="0" timestamp="2022-06-24T15:18:57 IST" skipped="0">
  <testcase classname="includeExclude.MyTestClass" name="d" time="0.002"/>
  <system-out>
    <![CDATA[d is running]]>
  </system-out>
  <testcase classname="includeExclude.MyTestClass" name="v" time="0.002"/>
  <system-out>
    <![CDATA[v is running]]>
  </system-out>
</testsuite> <!-- includeExclude.MyTestClass -->
