<?xml version="1.0" encoding="UTF-8"?>
<!-- Generated by org.testng.reporters.JUnitReportReporter -->
<testsuite hostname="DESKTOP-FJG5ERF" failures="0" tests="1" name="includeExclude.MyTestClass2" time="0.010" errors="0" timestamp="2022-06-24T15:18:57 IST" skipped="0">
  <testcase classname="includeExclude.MyTestClass2" name="x" time="0.010"/>
  <system-out>
    <![CDATA[x is running]]>
  </system-out>
</testsuite> <!-- includeExclude.MyTestClass2 -->
