<?xml version="1.0" encoding="UTF-8"?>
<!-- Generated by org.testng.reporters.JUnitReportReporter -->
<testsuite hostname="DESKTOP-FJG5ERF" failures="0" tests="1" name="kiteAppPOMUsingTestNG.validateKiteAppUserName" time="4.278" errors="0" timestamp="2022-07-08T13:45:11 IST" skipped="0">
  <testcase classname="kiteAppPOMUsingTestNG.validateKiteAppUserName" name="validateUserName" time="4.278"/>
  <system-out>
    <![CDATA[validateUserName
Actual and Expected UN are matching TC Passed]]>
  </system-out>
</testsuite> <!-- kiteAppPOMUsingTestNG.validateKiteAppUserName -->
