<?xml version="1.0" encoding="UTF-8"?>
<!-- Generated by org.testng.reporters.JUnitReportReporter -->
<testsuite hostname="DESKTOP-FJG5ERF" failures="0" tests="1" name="verificationUsingTestNG.AssertTrueUse" time="0.017" errors="0" timestamp="2022-07-05T13:44:35 IST" skipped="0">
  <testcase classname="verificationUsingTestNG.AssertTrueUse" name="myMthode" time="0.017"/>
  <system-out>
    <![CDATA[a and b values are not martching TC passsed ]]>
  </system-out>
</testsuite> <!-- verificationUsingTestNG.AssertTrueUse -->
