<?xml version="1.0" encoding="UTF-8"?>
<!-- Generated by org.testng.reporters.JUnitReportReporter -->
<testsuite hostname="DESKTOP-FJG5ERF" failures="0" tests="3" name="testNGKeyWords.DependentMethodUse" time="0.018" errors="0" timestamp="2022-06-23T18:07:43 IST" skipped="0">
  <testcase classname="testNGKeyWords.DependentMethodUse" name="a" time="0.002"/>
  <system-out>
    <![CDATA[a is running]]>
  </system-out>
  <testcase classname="testNGKeyWords.DependentMethodUse" name="d" time="0.012"/>
  <system-out>
    <![CDATA[d is running]]>
  </system-out>
  <testcase classname="testNGKeyWords.DependentMethodUse" name="v" time="0.004"/>
  <system-out>
    <![CDATA[v is running]]>
  </system-out>
</testsuite> <!-- testNGKeyWords.DependentMethodUse -->
