<?xml version="1.0" encoding="UTF-8"?>
<!-- Generated by org.testng.reporters.JUnitReportReporter -->
<testsuite hostname="DESKTOP-FJG5ERF" failures="0" tests="1" name="parallelAndSerialExecution.MyClass1" time="25.342" errors="0" timestamp="2022-06-24T17:42:44 IST" skipped="0">
  <testcase classname="parallelAndSerialExecution.MyClass1" name="MyMethod" time="25.342"/>
  <system-out/>
</testsuite> <!-- parallelAndSerialExecution.MyClass1 -->
