<?xml version="1.0" encoding="UTF-8"?>
<!-- Generated by org.testng.reporters.JUnitReportReporter -->
<testsuite hostname="DESKTOP-FJG5ERF" failures="0" tests="1" name="parallelAndSerialExecution.MyClass2" time="23.597" errors="0" timestamp="2022-06-24T17:42:44 IST" skipped="0">
  <testcase classname="parallelAndSerialExecution.MyClass2" name="MyMethod" time="23.597"/>
  <system-out/>
</testsuite> <!-- parallelAndSerialExecution.MyClass2 -->
