<?xml version="1.0" encoding="UTF-8"?>
<!-- Generated by org.testng.reporters.JUnitReportReporter -->
<testsuite hostname="DESKTOP-FJG5ERF" failures="0" tests="1" name="testNGstudykit.AnnotationStudyTest1" time="0.006" errors="0" timestamp="2022-07-04T15:37:08 IST" skipped="0">
  <testcase classname="testNGstudykit.AnnotationStudyTest1" name="rechargePhone" time="0.006"/>
  <system-out>
    <![CDATA[Recharge done]]>
  </system-out>
</testsuite> <!-- testNGstudykit.AnnotationStudyTest1 -->
