<?xml version="1.0" encoding="UTF-8"?>
<!-- Generated by org.testng.reporters.JUnitReportReporter -->
<testsuite hostname="DESKTOP-FJG5ERF" failures="0" tests="1" name="verificationUsingTestNG.AssertEqualUse" time="0.016" errors="0" timestamp="2022-07-05T15:01:08 IST" skipped="0">
  <testcase classname="verificationUsingTestNG.AssertEqualUse" name="myMethod" time="0.016"/>
  <system-out>
    <![CDATA[a and b value are not matching TC is passed]]>
  </system-out>
</testsuite> <!-- verificationUsingTestNG.AssertEqualUse -->
