<?xml version="1.0" encoding="UTF-8"?>
<!-- Generated by org.testng.reporters.JUnitReportReporter -->
<testsuite hostname="DESKTOP-FJG5ERF" failures="0" tests="3" name="testNGKeyWords.TimeOutUse" time="2.036" errors="0" timestamp="2022-06-23T17:55:12 IST" skipped="0">
  <testcase classname="testNGKeyWords.TimeOutUse" name="d" time="2.018"/>
  <system-out>
    <![CDATA[d is running]]>
  </system-out>
  <testcase classname="testNGKeyWords.TimeOutUse" name="v" time="0.001"/>
  <system-out>
    <![CDATA[v is running]]>
  </system-out>
  <testcase classname="testNGKeyWords.TimeOutUse" name="a" time="0.017"/>
  <system-out>
    <![CDATA[a is running]]>
  </system-out>
</testsuite> <!-- testNGKeyWords.TimeOutUse -->
