<?xml version="1.0" encoding="UTF-8"?>
<!-- Generated by org.testng.reporters.JUnitReportReporter -->
<testsuite hostname="DESKTOP-FJG5ERF" failures="0" tests="1" name="testNGStudy.AnnotationClassTest" time="0.007" errors="0" timestamp="2022-06-22T18:21:19 IST" skipped="0">
  <testcase classname="testNGStudy.AnnotationClassTest" name="ValidUserIDTest" time="0.007"/>
  <system-out>
    <![CDATA[Validaed User ID]]>
  </system-out>
</testsuite> <!-- testNGStudy.AnnotationClassTest -->
