<?xml version="1.0" encoding="UTF-8"?>
<!-- Generated by org.testng.reporters.JUnitReportReporter -->
<testsuite hostname="DESKTOP-FJG5ERF" failures="0" tests="1" name="testNGStudy.AnnotationClass" time="0.020" errors="0" timestamp="2022-06-22T18:19:26 IST" skipped="0">
  <testcase classname="testNGStudy.AnnotationClass" name="ValidUserID" time="0.020"/>
  <system-out>
    <![CDATA[Vlidated User ID]]>
  </system-out>
</testsuite> <!-- testNGStudy.AnnotationClass -->
