<?xml version="1.0" encoding="UTF-8"?>
<!-- Generated by org.testng.reporters.JUnitReportReporter -->
<testsuite hostname="DESKTOP-FJG5ERF" failures="0" tests="1" name="testNGStudy.AnnotationsClass" time="0.024" errors="0" timestamp="2022-06-22T18:03:17 IST" skipped="0">
  <testcase classname="testNGStudy.AnnotationsClass" name="validateUserid" time="0.024"/>
  <system-out>
    <![CDATA[userid validated 
user Id Validated]]>
  </system-out>
</testsuite> <!-- testNGStudy.AnnotationsClass -->
