<?xml version="1.0" encoding="UTF-8"?>
<!-- Generated by org.testng.reporters.JUnitReportReporter -->
<testsuite hostname="DESKTOP-FJG5ERF" failures="0" tests="3" name="testNGKeyWords.EnableUse" time="0.023" errors="0" timestamp="2022-06-23T17:45:01 IST" skipped="1">
  <testcase classname="testNGKeyWords.EnableUse" name="d" time="0.017"/>
  <system-out>
    <![CDATA[d is running]]>
  </system-out>
  <testcase classname="testNGKeyWords.EnableUse" name="v" time="0.006"/>
  <system-out>
    <![CDATA[v is running]]>
  </system-out>
  <testcase classname="testNGKeyWords.EnableUse" name="a">
    <skipped/>
  </testcase> <!-- a -->
  <system-out/>
</testsuite> <!-- testNGKeyWords.EnableUse -->
